Analysis & Synthesis report for AES
Mon Apr 17 20:30:37 2023
Quartus Prime Version 18.1.0 Build 625 09/12/2018 SJ Lite Edition


---------------------
; Table of Contents ;
---------------------
  1. Legal Notice
  2. Analysis & Synthesis Summary
  3. Analysis & Synthesis Settings
  4. Parallel Compilation
  5. Analysis & Synthesis Messages
  6. Analysis & Synthesis Suppressed Messages



----------------
; Legal Notice ;
----------------
Copyright (C) 2018  Intel Corporation. All rights reserved.
Your use of Intel Corporation's design tools, logic functions 
and other software and tools, and its AMPP partner logic 
functions, and any output files from any of the foregoing 
(including device programming or simulation files), and any 
associated documentation or information are expressly subject 
to the terms and conditions of the Intel Program License 
Subscription Agreement, the Intel Quartus Prime License Agreement,
the Intel FPGA IP License Agreement, or other applicable license
agreement, including, without limitation, that your use is for
the sole purpose of programming logic devices manufactured by
Intel and sold by Intel or its authorized distributors.  Please
refer to the applicable agreement for further details.



+---------------------------------------------------------------------------+
; Analysis & Synthesis Summary                                              ;
+-----------------------------+---------------------------------------------+
; Analysis & Synthesis Status ; Failed - Mon Apr 17 20:30:37 2023           ;
; Quartus Prime Version       ; 18.1.0 Build 625 09/12/2018 SJ Lite Edition ;
; Revision Name               ; AES                                         ;
; Top-level Entity Name       ; Cipher_tb                                   ;
; Family                      ; Cyclone V                                   ;
; Logic utilization (in ALMs) ; N/A until Partition Merge                   ;
; Total registers             ; N/A until Partition Merge                   ;
; Total pins                  ; N/A until Partition Merge                   ;
; Total virtual pins          ; N/A until Partition Merge                   ;
; Total block memory bits     ; N/A until Partition Merge                   ;
; Total PLLs                  ; N/A until Partition Merge                   ;
; Total DLLs                  ; N/A until Partition Merge                   ;
+-----------------------------+---------------------------------------------+


+---------------------------------------------------------------------------------------------------------------------------+
; Analysis & Synthesis Settings                                                                                             ;
+---------------------------------------------------------------------------------+--------------------+--------------------+
; Option                                                                          ; Setting            ; Default Value      ;
+---------------------------------------------------------------------------------+--------------------+--------------------+
; Device                                                                          ; 5CSEMA5F31C6       ;                    ;
; Top-level entity name                                                           ; Cipher_tb          ; AES                ;
; Family name                                                                     ; Cyclone V          ; Cyclone V          ;
; Use smart compilation                                                           ; Off                ; Off                ;
; Enable parallel Assembler and Timing Analyzer during compilation                ; On                 ; On                 ;
; Enable compact report table                                                     ; Off                ; Off                ;
; Restructure Multiplexers                                                        ; Auto               ; Auto               ;
; MLAB Add Timing Constraints For Mixed-Port Feed-Through Mode Setting Don't Care ; Off                ; Off                ;
; Create Debugging Nodes for IP Cores                                             ; Off                ; Off                ;
; Preserve fewer node names                                                       ; On                 ; On                 ;
; Intel FPGA IP Evaluation Mode                                                   ; Enable             ; Enable             ;
; Verilog Version                                                                 ; Verilog_2001       ; Verilog_2001       ;
; VHDL Version                                                                    ; VHDL_1993          ; VHDL_1993          ;
; State Machine Processing                                                        ; Auto               ; Auto               ;
; Safe State Machine                                                              ; Off                ; Off                ;
; Extract Verilog State Machines                                                  ; On                 ; On                 ;
; Extract VHDL State Machines                                                     ; On                 ; On                 ;
; Ignore Verilog initial constructs                                               ; Off                ; Off                ;
; Iteration limit for constant Verilog loops                                      ; 5000               ; 5000               ;
; Iteration limit for non-constant Verilog loops                                  ; 250                ; 250                ;
; Add Pass-Through Logic to Inferred RAMs                                         ; On                 ; On                 ;
; Infer RAMs from Raw Logic                                                       ; On                 ; On                 ;
; Parallel Synthesis                                                              ; On                 ; On                 ;
; DSP Block Balancing                                                             ; Auto               ; Auto               ;
; NOT Gate Push-Back                                                              ; On                 ; On                 ;
; Power-Up Don't Care                                                             ; On                 ; On                 ;
; Remove Redundant Logic Cells                                                    ; Off                ; Off                ;
; Remove Duplicate Registers                                                      ; On                 ; On                 ;
; Ignore CARRY Buffers                                                            ; Off                ; Off                ;
; Ignore CASCADE Buffers                                                          ; Off                ; Off                ;
; Ignore GLOBAL Buffers                                                           ; Off                ; Off                ;
; Ignore ROW GLOBAL Buffers                                                       ; Off                ; Off                ;
; Ignore LCELL Buffers                                                            ; Off                ; Off                ;
; Ignore SOFT Buffers                                                             ; On                 ; On                 ;
; Limit AHDL Integers to 32 Bits                                                  ; Off                ; Off                ;
; Optimization Technique                                                          ; Balanced           ; Balanced           ;
; Carry Chain Length                                                              ; 70                 ; 70                 ;
; Auto Carry Chains                                                               ; On                 ; On                 ;
; Auto Open-Drain Pins                                                            ; On                 ; On                 ;
; Perform WYSIWYG Primitive Resynthesis                                           ; Off                ; Off                ;
; Auto ROM Replacement                                                            ; On                 ; On                 ;
; Auto RAM Replacement                                                            ; On                 ; On                 ;
; Auto DSP Block Replacement                                                      ; On                 ; On                 ;
; Auto Shift Register Replacement                                                 ; Auto               ; Auto               ;
; Allow Shift Register Merging across Hierarchies                                 ; Auto               ; Auto               ;
; Auto Clock Enable Replacement                                                   ; On                 ; On                 ;
; Strict RAM Replacement                                                          ; Off                ; Off                ;
; Allow Synchronous Control Signals                                               ; On                 ; On                 ;
; Force Use of Synchronous Clear Signals                                          ; Off                ; Off                ;
; Auto Resource Sharing                                                           ; Off                ; Off                ;
; Allow Any RAM Size For Recognition                                              ; Off                ; Off                ;
; Allow Any ROM Size For Recognition                                              ; Off                ; Off                ;
; Allow Any Shift Register Size For Recognition                                   ; Off                ; Off                ;
; Use LogicLock Constraints during Resource Balancing                             ; On                 ; On                 ;
; Ignore translate_off and synthesis_off directives                               ; Off                ; Off                ;
; Timing-Driven Synthesis                                                         ; On                 ; On                 ;
; Report Parameter Settings                                                       ; On                 ; On                 ;
; Report Source Assignments                                                       ; On                 ; On                 ;
; Report Connectivity Checks                                                      ; On                 ; On                 ;
; Ignore Maximum Fan-Out Assignments                                              ; Off                ; Off                ;
; Synchronization Register Chain Length                                           ; 3                  ; 3                  ;
; Power Optimization During Synthesis                                             ; Normal compilation ; Normal compilation ;
; HDL message level                                                               ; Level2             ; Level2             ;
; Suppress Register Optimization Related Messages                                 ; Off                ; Off                ;
; Number of Removed Registers Reported in Synthesis Report                        ; 5000               ; 5000               ;
; Number of Swept Nodes Reported in Synthesis Report                              ; 5000               ; 5000               ;
; Number of Inverted Registers Reported in Synthesis Report                       ; 100                ; 100                ;
; Clock MUX Protection                                                            ; On                 ; On                 ;
; Auto Gated Clock Conversion                                                     ; Off                ; Off                ;
; Block Design Naming                                                             ; Auto               ; Auto               ;
; SDC constraint protection                                                       ; Off                ; Off                ;
; Synthesis Effort                                                                ; Auto               ; Auto               ;
; Shift Register Replacement - Allow Asynchronous Clear Signal                    ; On                 ; On                 ;
; Pre-Mapping Resynthesis Optimization                                            ; Off                ; Off                ;
; Analysis & Synthesis Message Level                                              ; Medium             ; Medium             ;
; Disable Register Merging Across Hierarchies                                     ; Auto               ; Auto               ;
; Resource Aware Inference For Block RAM                                          ; On                 ; On                 ;
; Automatic Parallel Synthesis                                                    ; On                 ; On                 ;
; Partial Reconfiguration Bitstream ID                                            ; Off                ; Off                ;
+---------------------------------------------------------------------------------+--------------------+--------------------+


+------------------------------------------+
; Parallel Compilation                     ;
+----------------------------+-------------+
; Processors                 ; Number      ;
+----------------------------+-------------+
; Number detected on machine ; 12          ;
; Maximum allowed            ; 6           ;
;                            ;             ;
; Average used               ; 1.00        ;
; Maximum used               ; 1           ;
;                            ;             ;
; Usage by Processor         ; % Time Used ;
;     Processor 1            ; 100.0%      ;
+----------------------------+-------------+


+-------------------------------+
; Analysis & Synthesis Messages ;
+-------------------------------+
Info: *******************************************************************
Info: Running Quartus Prime Analysis & Synthesis
    Info: Version 18.1.0 Build 625 09/12/2018 SJ Lite Edition
    Info: Processing started: Mon Apr 17 20:30:26 2023
Info: Command: quartus_map --read_settings_files=on --write_settings_files=off AES -c AES
Warning (18236): Number of processors has not been specified which may cause overloading on shared machines.  Set the global assignment NUM_PARALLEL_PROCESSORS in your QSF to an appropriate value for best performance.
Info (20030): Parallel compilation is enabled and will use 6 of the 6 processors detected
Warning (10275): Verilog HDL Module Instantiation warning at Cipher_tb.v(18): ignored dangling comma in List of Port Connections File: D:/UNI/Junior/Spring/Logic 2/AES-Encryption/Test Benches/Cipher_tb.v Line: 18
Info (12021): Found 1 design units, including 1 entities, in source file test benches/cipher_tb.v
    Info (12023): Found entity 1: Cipher_tb File: D:/UNI/Junior/Spring/Logic 2/AES-Encryption/Test Benches/Cipher_tb.v Line: 1
Info (12021): Found 1 design units, including 1 entities, in source file aes/invcipher.v
    Info (12023): Found entity 1: InvCipher File: D:/UNI/Junior/Spring/Logic 2/AES-Encryption/AES/InvCipher.v Line: 1
Info (12021): Found 1 design units, including 1 entities, in source file aes/cipher.v
    Info (12023): Found entity 1: Cipher File: D:/UNI/Junior/Spring/Logic 2/AES-Encryption/AES/Cipher.v Line: 1
Info (12021): Found 1 design units, including 1 entities, in source file aes/dependencies/subbytes.v
    Info (12023): Found entity 1: SubBytes File: D:/UNI/Junior/Spring/Logic 2/AES-Encryption/AES/Dependencies/SubBytes.v Line: 1
Info (12021): Found 1 design units, including 1 entities, in source file aes/dependencies/shiftrows.v
    Info (12023): Found entity 1: ShiftRows File: D:/UNI/Junior/Spring/Logic 2/AES-Encryption/AES/Dependencies/ShiftRows.v Line: 1
Info (12021): Found 1 design units, including 1 entities, in source file aes/dependencies/s_box.v
    Info (12023): Found entity 1: S_Box File: D:/UNI/Junior/Spring/Logic 2/AES-Encryption/AES/Dependencies/S_Box.v Line: 1
Info (12021): Found 1 design units, including 1 entities, in source file aes/dependencies/mixcolumns.v
    Info (12023): Found entity 1: MixColumns File: D:/UNI/Junior/Spring/Logic 2/AES-Encryption/AES/Dependencies/MixColumns.v Line: 1
Info (12021): Found 1 design units, including 1 entities, in source file aes/dependencies/keyexpansion.v
    Info (12023): Found entity 1: KeyExpansion File: D:/UNI/Junior/Spring/Logic 2/AES-Encryption/AES/Dependencies/KeyExpansion.v Line: 1
Info (12021): Found 1 design units, including 1 entities, in source file aes/dependencies/invsubbytes.v
    Info (12023): Found entity 1: InvSubBytes File: D:/UNI/Junior/Spring/Logic 2/AES-Encryption/AES/Dependencies/InvSubBytes.v Line: 1
Info (12021): Found 1 design units, including 1 entities, in source file aes/dependencies/invshiftrows.v
    Info (12023): Found entity 1: InvShiftRows File: D:/UNI/Junior/Spring/Logic 2/AES-Encryption/AES/Dependencies/InvShiftRows.v Line: 1
Info (12021): Found 1 design units, including 1 entities, in source file aes/dependencies/invs_box.v
    Info (12023): Found entity 1: InvS_Box File: D:/UNI/Junior/Spring/Logic 2/AES-Encryption/AES/Dependencies/InvS_Box.v Line: 1
Info (12021): Found 1 design units, including 1 entities, in source file aes/dependencies/invmixcolumns.v
    Info (12023): Found entity 1: InvMixColumns File: D:/UNI/Junior/Spring/Logic 2/AES-Encryption/AES/Dependencies/InvMixColumns.v Line: 1
Info (12021): Found 1 design units, including 1 entities, in source file aes/dependencies/addroundkey.v
    Info (12023): Found entity 1: AddRoundKey File: D:/UNI/Junior/Spring/Logic 2/AES-Encryption/AES/Dependencies/AddRoundKey.v Line: 1
Info (12021): Found 1 design units, including 1 entities, in source file spi/spi_sub.v
    Info (12023): Found entity 1: SPI_sub File: D:/UNI/Junior/Spring/Logic 2/AES-Encryption/SPI/SPI_Sub.v Line: 1
Info (12021): Found 1 design units, including 1 entities, in source file spi/spi_main.v
    Info (12023): Found entity 1: SPI_Main File: D:/UNI/Junior/Spring/Logic 2/AES-Encryption/SPI/SPI_Main.v Line: 1
Warning (12019): Can't analyze file -- file AES/AES_Encrypt.v is missing
Warning (12019): Can't analyze file -- file AES/AES_Decrypt.v is missing
Warning (12019): Can't analyze file -- file SubBytes.v is missing
Warning (12019): Can't analyze file -- file AES.v is missing
Info (12127): Elaborating entity "Cipher_tb" for the top level hierarchy
Warning (10175): Verilog HDL warning at Cipher_tb.v(24): ignoring unsupported system task File: D:/UNI/Junior/Spring/Logic 2/AES-Encryption/Test Benches/Cipher_tb.v Line: 24
Info (12128): Elaborating entity "KeyExpansion" for hierarchy "KeyExpansion:KE1" File: D:/UNI/Junior/Spring/Logic 2/AES-Encryption/Test Benches/Cipher_tb.v Line: 12
Error (10663): Verilog HDL Port Connection error at KeyExpansion.v(63): output or inout port "ostate" must be connected to a structural net expression File: D:/UNI/Junior/Spring/Logic 2/AES-Encryption/AES/Dependencies/KeyExpansion.v Line: 63
Error (12152): Can't elaborate user hierarchy "KeyExpansion:KE1" File: D:/UNI/Junior/Spring/Logic 2/AES-Encryption/Test Benches/Cipher_tb.v Line: 12
Info (144001): Generated suppressed messages file D:/UNI/Junior/Spring/Logic 2/AES-Encryption/output_files/AES.map.smsg
Error: Quartus Prime Analysis & Synthesis was unsuccessful. 2 errors, 7 warnings
    Error: Peak virtual memory: 4773 megabytes
    Error: Processing ended: Mon Apr 17 20:30:37 2023
    Error: Elapsed time: 00:00:11
    Error: Total CPU time (on all processors): 00:00:26


+------------------------------------------+
; Analysis & Synthesis Suppressed Messages ;
+------------------------------------------+
The suppressed messages can be found in D:/UNI/Junior/Spring/Logic 2/AES-Encryption/output_files/AES.map.smsg.


